<?xml version="1.0" encoding="UTF-8"?>
<!-- Generated by org.testng.reporters.JUnitXMLReporter -->
<testsuite ignored="36" hostname="AngelsDen" failures="11" tests="11" name="Test" time="0.171" errors="0" timestamp="2022-11-02T19:32:55 IST">
  <testcase classname="net.phptravels.scripts.TestCases" name="verifyUserAccess_S01_REQ01_T1" time="0.046">
    <failure type="java.lang.NullPointerException" message="Cannot invoke &amp;quot;org.openqa.selenium.SearchContext.findElement(org.openqa.selenium.By)&amp;quot; because &amp;quot;this.searchContext&amp;quot; is null">
      <![CDATA[java.lang.NullPointerException: Cannot invoke "org.openqa.selenium.SearchContext.findElement(org.openqa.selenium.By)" because "this.searchContext" is null
at org.openqa.selenium.support.pagefactory.DefaultElementLocator.findElement(DefaultElementLocator.java:70)
at org.openqa.selenium.support.pagefactory.internal.LocatingElementHandler.invoke(LocatingElementHandler.java:39)
at jdk.proxy2/jdk.proxy2.$Proxy11.isDisplayed(Unknown Source)
at net.phptravels.pages.UserAgentDashboardPage.<init>(UserAgentDashboardPage.java:105)
at net.phptravels.scripts.TestCases.createObj(TestCases.java:57)
at net.phptravels.scripts.TestCases.verifyUserAccess_S01_REQ01_T1(TestCases.java:72)
at java.base/java.util.ArrayList.forEach(ArrayList.java:1511)
... Removed 27 stack frames]]>
    </failure>
  </testcase> <!-- verifyUserAccess_S01_REQ01_T1 -->
  <testcase classname="net.phptravels.scripts.TestCases" name="verifyUserAccess_S01_REQ01_T2" time="0.007">
    <failure type="java.lang.NullPointerException" message="Cannot invoke &amp;quot;org.openqa.selenium.SearchContext.findElement(org.openqa.selenium.By)&amp;quot; because &amp;quot;this.searchContext&amp;quot; is null">
      <![CDATA[java.lang.NullPointerException: Cannot invoke "org.openqa.selenium.SearchContext.findElement(org.openqa.selenium.By)" because "this.searchContext" is null
at org.openqa.selenium.support.pagefactory.DefaultElementLocator.findElement(DefaultElementLocator.java:70)
at org.openqa.selenium.support.pagefactory.internal.LocatingElementHandler.invoke(LocatingElementHandler.java:39)
at jdk.proxy2/jdk.proxy2.$Proxy11.isDisplayed(Unknown Source)
at net.phptravels.pages.UserAgentDashboardPage.<init>(UserAgentDashboardPage.java:105)
at net.phptravels.scripts.TestCases.createObj(TestCases.java:57)
at net.phptravels.scripts.TestCases.verifyUserAccess_S01_REQ01_T2(TestCases.java:86)
at java.base/java.util.ArrayList.forEach(ArrayList.java:1511)
... Removed 27 stack frames]]>
    </failure>
  </testcase> <!-- verifyUserAccess_S01_REQ01_T2 -->
  <testcase classname="net.phptravels.scripts.TestCases" name="verifyUserAccess_S01_REQ01_T3" time="0.007">
    <failure type="java.lang.NullPointerException" message="Cannot invoke &amp;quot;org.openqa.selenium.SearchContext.findElement(org.openqa.selenium.By)&amp;quot; because &amp;quot;this.searchContext&amp;quot; is null">
      <![CDATA[java.lang.NullPointerException: Cannot invoke "org.openqa.selenium.SearchContext.findElement(org.openqa.selenium.By)" because "this.searchContext" is null
at org.openqa.selenium.support.pagefactory.DefaultElementLocator.findElement(DefaultElementLocator.java:70)
at org.openqa.selenium.support.pagefactory.internal.LocatingElementHandler.invoke(LocatingElementHandler.java:39)
at jdk.proxy2/jdk.proxy2.$Proxy11.isDisplayed(Unknown Source)
at net.phptravels.pages.UserAgentDashboardPage.<init>(UserAgentDashboardPage.java:105)
at net.phptravels.scripts.TestCases.createObj(TestCases.java:57)
at net.phptravels.scripts.TestCases.verifyUserAccess_S01_REQ01_T3(TestCases.java:98)
at java.base/java.util.ArrayList.forEach(ArrayList.java:1511)
... Removed 27 stack frames]]>
    </failure>
  </testcase> <!-- verifyUserAccess_S01_REQ01_T3 -->
  <testcase classname="net.phptravels.scripts.TestCases" name="verifyUserAccess_S01_REQ01_T5" time="0.006">
    <failure type="java.lang.NullPointerException" message="Cannot invoke &amp;quot;org.openqa.selenium.SearchContext.findElement(org.openqa.selenium.By)&amp;quot; because &amp;quot;this.searchContext&amp;quot; is null">
      <![CDATA[java.lang.NullPointerException: Cannot invoke "org.openqa.selenium.SearchContext.findElement(org.openqa.selenium.By)" because "this.searchContext" is null
at org.openqa.selenium.support.pagefactory.DefaultElementLocator.findElement(DefaultElementLocator.java:70)
at org.openqa.selenium.support.pagefactory.internal.LocatingElementHandler.invoke(LocatingElementHandler.java:39)
at jdk.proxy2/jdk.proxy2.$Proxy11.isDisplayed(Unknown Source)
at net.phptravels.pages.UserAgentDashboardPage.<init>(UserAgentDashboardPage.java:105)
at net.phptravels.scripts.TestCases.createObj(TestCases.java:57)
at net.phptravels.scripts.TestCases.verifyUserAccess_S01_REQ01_T5(TestCases.java:110)
at java.base/java.util.ArrayList.forEach(ArrayList.java:1511)
... Removed 27 stack frames]]>
    </failure>
  </testcase> <!-- verifyUserAccess_S01_REQ01_T5 -->
  <testcase classname="net.phptravels.scripts.TestCases" name="checkLinks_S01_REQ02_T1" time="0.004">
    <failure type="java.lang.NullPointerException" message="Cannot invoke &amp;quot;org.openqa.selenium.SearchContext.findElement(org.openqa.selenium.By)&amp;quot; because &amp;quot;this.searchContext&amp;quot; is null">
      <![CDATA[java.lang.NullPointerException: Cannot invoke "org.openqa.selenium.SearchContext.findElement(org.openqa.selenium.By)" because "this.searchContext" is null
at org.openqa.selenium.support.pagefactory.DefaultElementLocator.findElement(DefaultElementLocator.java:70)
at org.openqa.selenium.support.pagefactory.internal.LocatingElementHandler.invoke(LocatingElementHandler.java:39)
at jdk.proxy2/jdk.proxy2.$Proxy11.isDisplayed(Unknown Source)
at net.phptravels.pages.UserAgentDashboardPage.<init>(UserAgentDashboardPage.java:105)
at net.phptravels.scripts.TestCases.createObj(TestCases.java:57)
at net.phptravels.scripts.TestCases.checkLinks_S01_REQ02_T1(TestCases.java:123)
at java.base/java.util.ArrayList.forEach(ArrayList.java:1511)
... Removed 27 stack frames]]>
    </failure>
  </testcase> <!-- checkLinks_S01_REQ02_T1 -->
  <testcase classname="net.phptravels.scripts.TestCases" name="checkLinks_S01_REQ02_T2" time="0.005">
    <failure type="java.lang.NullPointerException" message="Cannot invoke &amp;quot;org.openqa.selenium.SearchContext.findElement(org.openqa.selenium.By)&amp;quot; because &amp;quot;this.searchContext&amp;quot; is null">
      <![CDATA[java.lang.NullPointerException: Cannot invoke "org.openqa.selenium.SearchContext.findElement(org.openqa.selenium.By)" because "this.searchContext" is null
at org.openqa.selenium.support.pagefactory.DefaultElementLocator.findElement(DefaultElementLocator.java:70)
at org.openqa.selenium.support.pagefactory.internal.LocatingElementHandler.invoke(LocatingElementHandler.java:39)
at jdk.proxy2/jdk.proxy2.$Proxy11.isDisplayed(Unknown Source)
at net.phptravels.pages.UserAgentDashboardPage.<init>(UserAgentDashboardPage.java:105)
at net.phptravels.scripts.TestCases.createObj(TestCases.java:57)
at net.phptravels.scripts.TestCases.checkLinks_S01_REQ02_T2(TestCases.java:135)
at java.base/java.util.ArrayList.forEach(ArrayList.java:1511)
... Removed 27 stack frames]]>
    </failure>
  </testcase> <!-- checkLinks_S01_REQ02_T2 -->
  <testcase classname="net.phptravels.scripts.TestCases" name="checkLinks_S01_REQ02_T3" time="0.003">
    <failure type="java.lang.NullPointerException" message="Cannot invoke &amp;quot;org.openqa.selenium.SearchContext.findElement(org.openqa.selenium.By)&amp;quot; because &amp;quot;this.searchContext&amp;quot; is null">
      <![CDATA[java.lang.NullPointerException: Cannot invoke "org.openqa.selenium.SearchContext.findElement(org.openqa.selenium.By)" because "this.searchContext" is null
at org.openqa.selenium.support.pagefactory.DefaultElementLocator.findElement(DefaultElementLocator.java:70)
at org.openqa.selenium.support.pagefactory.internal.LocatingElementHandler.invoke(LocatingElementHandler.java:39)
at jdk.proxy2/jdk.proxy2.$Proxy11.isDisplayed(Unknown Source)
at net.phptravels.pages.UserAgentDashboardPage.<init>(UserAgentDashboardPage.java:105)
at net.phptravels.scripts.TestCases.createObj(TestCases.java:57)
at net.phptravels.scripts.TestCases.checkLinks_S01_REQ02_T3(TestCases.java:148)
at java.base/java.util.ArrayList.forEach(ArrayList.java:1511)
... Removed 27 stack frames]]>
    </failure>
  </testcase> <!-- checkLinks_S01_REQ02_T3 -->
  <testcase classname="net.phptravels.scripts.TestCases" name="checkLinks_S01_REQ02_T4" time="0.005">
    <failure type="java.lang.NullPointerException" message="Cannot invoke &amp;quot;org.openqa.selenium.SearchContext.findElement(org.openqa.selenium.By)&amp;quot; because &amp;quot;this.searchContext&amp;quot; is null">
      <![CDATA[java.lang.NullPointerException: Cannot invoke "org.openqa.selenium.SearchContext.findElement(org.openqa.selenium.By)" because "this.searchContext" is null
at org.openqa.selenium.support.pagefactory.DefaultElementLocator.findElement(DefaultElementLocator.java:70)
at org.openqa.selenium.support.pagefactory.internal.LocatingElementHandler.invoke(LocatingElementHandler.java:39)
at jdk.proxy2/jdk.proxy2.$Proxy11.isDisplayed(Unknown Source)
at net.phptravels.pages.UserAgentDashboardPage.<init>(UserAgentDashboardPage.java:105)
at net.phptravels.scripts.TestCases.createObj(TestCases.java:57)
at net.phptravels.scripts.TestCases.checkLinks_S01_REQ02_T4(TestCases.java:161)
at java.base/java.util.ArrayList.forEach(ArrayList.java:1511)
... Removed 27 stack frames]]>
    </failure>
  </testcase> <!-- checkLinks_S01_REQ02_T4 -->
  <testcase classname="net.phptravels.scripts.TestCases" name="checkLinks_S01_REQ03_T1" time="0.005">
    <failure type="java.lang.NullPointerException" message="Cannot invoke &amp;quot;org.openqa.selenium.SearchContext.findElement(org.openqa.selenium.By)&amp;quot; because &amp;quot;this.searchContext&amp;quot; is null">
      <![CDATA[java.lang.NullPointerException: Cannot invoke "org.openqa.selenium.SearchContext.findElement(org.openqa.selenium.By)" because "this.searchContext" is null
at org.openqa.selenium.support.pagefactory.DefaultElementLocator.findElement(DefaultElementLocator.java:70)
at org.openqa.selenium.support.pagefactory.internal.LocatingElementHandler.invoke(LocatingElementHandler.java:39)
at jdk.proxy2/jdk.proxy2.$Proxy11.isDisplayed(Unknown Source)
at net.phptravels.pages.UserAgentDashboardPage.<init>(UserAgentDashboardPage.java:105)
at net.phptravels.scripts.TestCases.createObj(TestCases.java:57)
at net.phptravels.scripts.TestCases.checkLinks_S01_REQ03_T1(TestCases.java:173)
at java.base/java.util.ArrayList.forEach(ArrayList.java:1511)
... Removed 27 stack frames]]>
    </failure>
  </testcase> <!-- checkLinks_S01_REQ03_T1 -->
  <testcase classname="net.phptravels.scripts.TestCases" name="checkLinks_S01_REQ04_T1" time="0.004">
    <failure type="java.lang.NullPointerException" message="Cannot invoke &amp;quot;org.openqa.selenium.SearchContext.findElement(org.openqa.selenium.By)&amp;quot; because &amp;quot;this.searchContext&amp;quot; is null">
      <![CDATA[java.lang.NullPointerException: Cannot invoke "org.openqa.selenium.SearchContext.findElement(org.openqa.selenium.By)" because "this.searchContext" is null
at org.openqa.selenium.support.pagefactory.DefaultElementLocator.findElement(DefaultElementLocator.java:70)
at org.openqa.selenium.support.pagefactory.internal.LocatingElementHandler.invoke(LocatingElementHandler.java:39)
at jdk.proxy2/jdk.proxy2.$Proxy11.isDisplayed(Unknown Source)
at net.phptravels.pages.UserAgentDashboardPage.<init>(UserAgentDashboardPage.java:105)
at net.phptravels.scripts.TestCases.createObj(TestCases.java:57)
at net.phptravels.scripts.TestCases.checkLinks_S01_REQ04_T1(TestCases.java:196)
at java.base/java.util.ArrayList.forEach(ArrayList.java:1511)
... Removed 27 stack frames]]>
    </failure>
  </testcase> <!-- checkLinks_S01_REQ04_T1 -->
  <testcase classname="net.phptravels.scripts.TestCases" name="checkLinks_S01_REQ05_T1" time="0.004">
    <failure type="java.lang.NullPointerException" message="Cannot invoke &amp;quot;org.openqa.selenium.SearchContext.findElement(org.openqa.selenium.By)&amp;quot; because &amp;quot;this.searchContext&amp;quot; is null">
      <![CDATA[java.lang.NullPointerException: Cannot invoke "org.openqa.selenium.SearchContext.findElement(org.openqa.selenium.By)" because "this.searchContext" is null
at org.openqa.selenium.support.pagefactory.DefaultElementLocator.findElement(DefaultElementLocator.java:70)
at org.openqa.selenium.support.pagefactory.internal.LocatingElementHandler.invoke(LocatingElementHandler.java:39)
at jdk.proxy2/jdk.proxy2.$Proxy11.isDisplayed(Unknown Source)
at net.phptravels.pages.UserAgentDashboardPage.<init>(UserAgentDashboardPage.java:105)
at net.phptravels.scripts.TestCases.createObj(TestCases.java:57)
at net.phptravels.scripts.TestCases.checkLinks_S01_REQ05_T1(TestCases.java:208)
at java.base/java.util.ArrayList.forEach(ArrayList.java:1511)
... Removed 27 stack frames]]>
    </failure>
  </testcase> <!-- checkLinks_S01_REQ05_T1 -->
  <testcase classname="net.phptravels.scripts.TestCases" name="verifySupplierAccess_S4_REQ01_T5" time="0.0">
    <ignored/>
  </testcase> <!-- verifySupplierAccess_S4_REQ01_T5 -->
  <testcase classname="net.phptravels.scripts.TestCases" name="verifyDashboardHead_S4_REQ02_T1" time="0.0">
    <ignored/>
  </testcase> <!-- verifyDashboardHead_S4_REQ02_T1 -->
  <testcase classname="net.phptravels.scripts.TestCases" name="verifyForgetPass_S3_REQ01_T6" time="0.0">
    <ignored/>
  </testcase> <!-- verifyForgetPass_S3_REQ01_T6 -->
  <testcase classname="net.phptravels.scripts.TestCases" name="checkLinks_S02_REQ02_T3" time="0.0">
    <ignored/>
  </testcase> <!-- checkLinks_S02_REQ02_T3 -->
  <testcase classname="net.phptravels.scripts.TestCases" name="verifyAdminAccess_S3_REQ01_T5" time="0.0">
    <ignored/>
  </testcase> <!-- verifyAdminAccess_S3_REQ01_T5 -->
  <testcase classname="net.phptravels.scripts.TestCases" name="changeBookingStatus_S4_REQ04_T1" time="0.0">
    <ignored/>
  </testcase> <!-- changeBookingStatus_S4_REQ04_T1 -->
  <testcase classname="net.phptravels.scripts.TestCases" name="verifyAdminAccess_S3_REQ01_T3" time="0.0">
    <ignored/>
  </testcase> <!-- verifyAdminAccess_S3_REQ01_T3 -->
  <testcase classname="net.phptravels.scripts.TestCases" name="checkLinks_S02_REQ02_T1" time="0.0">
    <ignored/>
  </testcase> <!-- checkLinks_S02_REQ02_T1 -->
  <testcase classname="net.phptravels.scripts.TestCases" name="verifyAdminAccess_S3_REQ01_T1" time="0.0">
    <ignored/>
  </testcase> <!-- verifyAdminAccess_S3_REQ01_T1 -->
  <testcase classname="net.phptravels.scripts.TestCases" name="deleteCancelledBooking_S3_REQ03_T1" time="0.0">
    <ignored/>
  </testcase> <!-- deleteCancelledBooking_S3_REQ03_T1 -->
  <testcase classname="net.phptravels.scripts.TestCases" name="checkLinks_S02_REQ03_T2" time="0.0">
    <ignored/>
  </testcase> <!-- checkLinks_S02_REQ03_T2 -->
  <testcase classname="net.phptravels.scripts.TestCases" name="checkRevenueBreakdown_S4_REQ03_T1" time="0.0">
    <ignored/>
  </testcase> <!-- checkRevenueBreakdown_S4_REQ03_T1 -->
  <testcase classname="net.phptravels.scripts.TestCases" name="checkLinks_S02_REQ03_T6" time="0.0">
    <ignored/>
  </testcase> <!-- checkLinks_S02_REQ03_T6 -->
  <testcase classname="net.phptravels.scripts.TestCases" name="verifySupplierAccess_S4_REQ01_T4" time="0.0">
    <ignored/>
  </testcase> <!-- verifySupplierAccess_S4_REQ01_T4 -->
  <testcase classname="net.phptravels.scripts.TestCases" name="checkLinks_S02_REQ05_T1" time="0.0">
    <ignored/>
  </testcase> <!-- checkLinks_S02_REQ05_T1 -->
  <testcase classname="net.phptravels.scripts.TestCases" name="verifyUserAccess_S02_REQ01_T1" time="0.0">
    <ignored/>
  </testcase> <!-- verifyUserAccess_S02_REQ01_T1 -->
  <testcase classname="net.phptravels.scripts.TestCases" name="checkLinks_S02_REQ03_T4" time="0.0">
    <ignored/>
  </testcase> <!-- checkLinks_S02_REQ03_T4 -->
  <testcase classname="net.phptravels.scripts.TestCases" name="verifySupplierAccess_S4_REQ01_T2" time="0.0">
    <ignored/>
  </testcase> <!-- verifySupplierAccess_S4_REQ01_T2 -->
  <testcase classname="net.phptravels.scripts.TestCases" name="checkLinks_S02_REQ03_T7" time="0.0">
    <ignored/>
  </testcase> <!-- checkLinks_S02_REQ03_T7 -->
  <testcase classname="net.phptravels.scripts.TestCases" name="checkLinks_S02_REQ02_T2" time="0.0">
    <ignored/>
  </testcase> <!-- checkLinks_S02_REQ02_T2 -->
  <testcase classname="net.phptravels.scripts.TestCases" name="checkLinks_S02_REQ02_T4" time="0.0">
    <ignored/>
  </testcase> <!-- checkLinks_S02_REQ02_T4 -->
  <testcase classname="net.phptravels.scripts.TestCases" name="checkLinks_S02_REQ04_T1" time="0.0">
    <ignored/>
  </testcase> <!-- checkLinks_S02_REQ04_T1 -->
  <testcase classname="net.phptravels.scripts.TestCases" name="verifyAdminAccess_S3_REQ01_T4" time="0.0">
    <ignored/>
  </testcase> <!-- verifyAdminAccess_S3_REQ01_T4 -->
  <testcase classname="net.phptravels.scripts.TestCases" name="verifyUserAccess_S02_REQ01_T5" time="0.0">
    <ignored/>
  </testcase> <!-- verifyUserAccess_S02_REQ01_T5 -->
  <testcase classname="net.phptravels.scripts.TestCases" name="verifyAdminAccess_S3_REQ01_T2" time="0.0">
    <ignored/>
  </testcase> <!-- verifyAdminAccess_S3_REQ01_T2 -->
  <testcase classname="net.phptravels.scripts.TestCases" name="changeBookingStatus_S3_REQ04_T1" time="0.0">
    <ignored/>
  </testcase> <!-- changeBookingStatus_S3_REQ04_T1 -->
  <testcase classname="net.phptravels.scripts.TestCases" name="changeBookingStatus_S4_REQ05_T1" time="0.0">
    <ignored/>
  </testcase> <!-- changeBookingStatus_S4_REQ05_T1 -->
  <testcase classname="net.phptravels.scripts.TestCases" name="checkLinks_S02_REQ03_T1" time="0.0">
    <ignored/>
  </testcase> <!-- checkLinks_S02_REQ03_T1 -->
  <testcase classname="net.phptravels.scripts.TestCases" name="displayInvoice_S3_REQ02_T1" time="0.0">
    <ignored/>
  </testcase> <!-- displayInvoice_S3_REQ02_T1 -->
  <testcase classname="net.phptravels.scripts.TestCases" name="verifyLink_S3_REQ05_T1" time="0.0">
    <ignored/>
  </testcase> <!-- verifyLink_S3_REQ05_T1 -->
  <testcase classname="net.phptravels.scripts.TestCases" name="verifySupplierAccess_S4_REQ01_T3" time="0.0">
    <ignored/>
  </testcase> <!-- verifySupplierAccess_S4_REQ01_T3 -->
  <testcase classname="net.phptravels.scripts.TestCases" name="checkLinks_S02_REQ03_T5" time="0.0">
    <ignored/>
  </testcase> <!-- checkLinks_S02_REQ03_T5 -->
  <testcase classname="net.phptravels.scripts.TestCases" name="verifySupplierAccess_S4_REQ01_T1" time="0.0">
    <ignored/>
  </testcase> <!-- verifySupplierAccess_S4_REQ01_T1 -->
  <testcase classname="net.phptravels.scripts.TestCases" name="verifyUserAccess_S02_REQ01_T2" time="0.0">
    <ignored/>
  </testcase> <!-- verifyUserAccess_S02_REQ01_T2 -->
  <testcase classname="net.phptravels.scripts.TestCases" name="verifyUserAccess_S02_REQ01_T3" time="0.0">
    <ignored/>
  </testcase> <!-- verifyUserAccess_S02_REQ01_T3 -->
  <testcase classname="net.phptravels.scripts.TestCases" name="checkLinks_S02_REQ03_T3" time="0.0">
    <ignored/>
  </testcase> <!-- checkLinks_S02_REQ03_T3 -->
</testsuite> <!-- Test -->
