<?xml version="1.0" encoding="UTF-8"?>
<!-- Generated by org.testng.reporters.JUnitXMLReporter -->
<testsuite ignored="46" hostname="AngelsDen" failures="1" tests="1" name="Default test" time="24.542" errors="0" timestamp="2022-11-06T15:08:56 IST">
  <testcase classname="net.phptravels.scripts.TestCases" name="checkLinks_S4_REQ05_T1" time="17.798">
    <failure type="org.openqa.selenium.NoSuchElementException" message="no such element: Unable to locate element: {&amp;quot;method&amp;quot;:&amp;quot;xpath&amp;quot;,&amp;quot;selector&amp;quot;:&amp;quot;//a[@aria-controls=&amp;apos;visamodule&amp;apos;]&amp;quot;}
  (Session info: MicrosoftEdge=107.0.1418.35)
For documentation on this error, please visit: https://selenium.dev/exceptions/#no_such_element
Build info: version: &amp;apos;4.4.0&amp;apos;, revision: &amp;apos;e5c75ed026a&amp;apos;
System info: host: &amp;apos;ANGELSDEN&amp;apos;, ip: &amp;apos;192.168.1.6&amp;apos;, os.name: &amp;apos;Windows 10&amp;apos;, os.arch: &amp;apos;amd64&amp;apos;, os.version: &amp;apos;10.0&amp;apos;, java.version: &amp;apos;16.0.2&amp;apos;
Driver info: org.openqa.selenium.edge.EdgeDriver
Command: [d98b5a8b97ebf198f42fd4fb4bcd063a, findElement {using=xpath, value=//a[@aria-controls=&amp;apos;visamodule&amp;apos;]}]
Capabilities {acceptInsecureCerts: false, browserName: msedge, browserVersion: 107.0.1418.35, ms:edgeOptions: {debuggerAddress: localhost:49379}, msedge: {msedgedriverVersion: 107.0.1418.35 (806ca5c53c4f..., userDataDir: C:\Users\Vysakh\AppData\Loc...}, networkConnectionEnabled: false, pageLoadStrategy: normal, platformName: WINDOWS, proxy: Proxy(), se:cdp: ws://localhost:49379/devtoo..., se:cdpVersion: 107.0.1418.35, setWindowRect: true, strictFileInteractability: false, timeouts: {implicit: 0, pageLoad: 300000, script: 30000}, unhandledPromptBehavior: dismiss and notify, webauthn:extension:credBlob: true, webauthn:extension:largeBlob: true, webauthn:virtualAuthenticators: true}
Session ID: d98b5a8b97ebf198f42fd4fb4bcd063a">
      <![CDATA[org.openqa.selenium.NoSuchElementException: no such element: Unable to locate element: {"method":"xpath","selector":"//a[@aria-controls='visamodule']"}
  (Session info: MicrosoftEdge=107.0.1418.35)
For documentation on this error, please visit: https://selenium.dev/exceptions/#no_such_element
Build info: version: '4.4.0', revision: 'e5c75ed026a'
System info: host: 'ANGELSDEN', ip: '192.168.1.6', os.name: 'Windows 10', os.arch: 'amd64', os.version: '10.0', java.version: '16.0.2'
Driver info: org.openqa.selenium.edge.EdgeDriver
Command: [d98b5a8b97ebf198f42fd4fb4bcd063a, findElement {using=xpath, value=//a[@aria-controls='visamodule']}]
Capabilities {acceptInsecureCerts: false, browserName: msedge, browserVersion: 107.0.1418.35, ms:edgeOptions: {debuggerAddress: localhost:49379}, msedge: {msedgedriverVersion: 107.0.1418.35 (806ca5c53c4f..., userDataDir: C:\Users\Vysakh\AppData\Loc...}, networkConnectionEnabled: false, pageLoadStrategy: normal, platformName: WINDOWS, proxy: Proxy(), se:cdp: ws://localhost:49379/devtoo..., se:cdpVersion: 107.0.1418.35, setWindowRect: true, strictFileInteractability: false, timeouts: {implicit: 0, pageLoad: 300000, script: 30000}, unhandledPromptBehavior: dismiss and notify, webauthn:extension:credBlob: true, webauthn:extension:largeBlob: true, webauthn:virtualAuthenticators: true}
Session ID: d98b5a8b97ebf198f42fd4fb4bcd063a
at java.base/jdk.internal.reflect.NativeConstructorAccessorImpl.newInstance0(Native Method)
at java.base/jdk.internal.reflect.NativeConstructorAccessorImpl.newInstance(NativeConstructorAccessorImpl.java:78)
at java.base/jdk.internal.reflect.DelegatingConstructorAccessorImpl.newInstance(DelegatingConstructorAccessorImpl.java:45)
at java.base/java.lang.reflect.Constructor.newInstanceWithCaller(Constructor.java:499)
at java.base/java.lang.reflect.Constructor.newInstance(Constructor.java:480)
at org.openqa.selenium.remote.codec.w3c.W3CHttpResponseCodec.createException(W3CHttpResponseCodec.java:200)
at org.openqa.selenium.remote.codec.w3c.W3CHttpResponseCodec.decode(W3CHttpResponseCodec.java:133)
at org.openqa.selenium.remote.codec.w3c.W3CHttpResponseCodec.decode(W3CHttpResponseCodec.java:53)
at org.openqa.selenium.remote.HttpCommandExecutor.execute(HttpCommandExecutor.java:184)
at org.openqa.selenium.remote.service.DriverCommandExecutor.invokeExecute(DriverCommandExecutor.java:167)
at org.openqa.selenium.remote.service.DriverCommandExecutor.execute(DriverCommandExecutor.java:142)
at org.openqa.selenium.remote.RemoteWebDriver.execute(RemoteWebDriver.java:547)
at org.openqa.selenium.remote.ElementLocation$ElementFinder$2.findElement(ElementLocation.java:162)
at org.openqa.selenium.remote.ElementLocation.findElement(ElementLocation.java:60)
at org.openqa.selenium.remote.RemoteWebDriver.findElement(RemoteWebDriver.java:365)
at org.openqa.selenium.remote.RemoteWebDriver.findElement(RemoteWebDriver.java:357)
at org.openqa.selenium.support.pagefactory.DefaultElementLocator.findElement(DefaultElementLocator.java:70)
at org.openqa.selenium.support.pagefactory.internal.LocatingElementHandler.invoke(LocatingElementHandler.java:39)
at jdk.proxy2/jdk.proxy2.$Proxy16.isDisplayed(Unknown Source)
at net.phptravels.pages.SupplierDashboardPage.isDisplayedAndClickable(SupplierDashboardPage.java:401)
at net.phptravels.pages.SupplierDashboardPage.statusOfVisa(SupplierDashboardPage.java:430)
at net.phptravels.scripts.TestCases.checkLinks_S4_REQ05_T1(TestCases.java:758)
at java.base/jdk.internal.reflect.NativeMethodAccessorImpl.invoke0(Native Method)
at java.base/jdk.internal.reflect.NativeMethodAccessorImpl.invoke(NativeMethodAccessorImpl.java:78)
at java.base/jdk.internal.reflect.DelegatingMethodAccessorImpl.invoke(DelegatingMethodAccessorImpl.java:43)
at java.base/java.lang.reflect.Method.invoke(Method.java:567)
at org.testng.internal.invokers.MethodInvocationHelper.invokeMethod(MethodInvocationHelper.java:139)
at org.testng.internal.invokers.TestInvoker.invokeMethod(TestInvoker.java:677)
at org.testng.internal.invokers.TestInvoker.invokeTestMethod(TestInvoker.java:221)
at org.testng.internal.invokers.MethodRunner.runInSequence(MethodRunner.java:50)
at org.testng.internal.invokers.TestInvoker$MethodInvocationAgent.invoke(TestInvoker.java:962)
at org.testng.internal.invokers.TestInvoker.invokeTestMethods(TestInvoker.java:194)
at org.testng.internal.invokers.TestMethodWorker.invokeTestMethods(TestMethodWorker.java:148)
at org.testng.internal.invokers.TestMethodWorker.run(TestMethodWorker.java:128)
at java.base/java.util.ArrayList.forEach(ArrayList.java:1511)
at org.testng.TestRunner.privateRun(TestRunner.java:806)
at org.testng.TestRunner.run(TestRunner.java:601)
at org.testng.SuiteRunner.runTest(SuiteRunner.java:433)
at org.testng.SuiteRunner.runSequentially(SuiteRunner.java:427)
at org.testng.SuiteRunner.privateRun(SuiteRunner.java:387)
at org.testng.SuiteRunner.run(SuiteRunner.java:330)
at org.testng.SuiteRunnerWorker.runSuite(SuiteRunnerWorker.java:52)
at org.testng.SuiteRunnerWorker.run(SuiteRunnerWorker.java:95)
at org.testng.TestNG.runSuitesSequentially(TestNG.java:1256)
at org.testng.TestNG.runSuitesLocally(TestNG.java:1176)
at org.testng.TestNG.runSuites(TestNG.java:1099)
at org.testng.TestNG.run(TestNG.java:1067)
at org.testng.remote.AbstractRemoteTestNG.run(AbstractRemoteTestNG.java:115)
at org.testng.remote.RemoteTestNG.initAndRun(RemoteTestNG.java:251)
at org.testng.remote.RemoteTestNG.main(RemoteTestNG.java:77)
]]>
    </failure>
  </testcase> <!-- checkLinks_S4_REQ05_T1 -->
  <testcase classname="net.phptravels.scripts.TestCases" name="checkLinks_S02_REQ02_T1" time="0.0">
    <ignored/>
  </testcase> <!-- checkLinks_S02_REQ02_T1 -->
  <testcase classname="net.phptravels.scripts.TestCases" name="checkLinks_S02_REQ02_T3" time="0.0">
    <ignored/>
  </testcase> <!-- checkLinks_S02_REQ02_T3 -->
  <testcase classname="net.phptravels.scripts.TestCases" name="changeBookingStatus_S4_REQ04_T1" time="0.0">
    <ignored/>
  </testcase> <!-- changeBookingStatus_S4_REQ04_T1 -->
  <testcase classname="net.phptravels.scripts.TestCases" name="checkLinks_S01_REQ03_T1" time="0.0">
    <ignored/>
  </testcase> <!-- checkLinks_S01_REQ03_T1 -->
  <testcase classname="net.phptravels.scripts.TestCases" name="verifyDashboardHead_S4_REQ02_T1" time="0.0">
    <ignored/>
  </testcase> <!-- verifyDashboardHead_S4_REQ02_T1 -->
  <testcase classname="net.phptravels.scripts.TestCases" name="checkLinks_S01_REQ04_T1" time="0.0">
    <ignored/>
  </testcase> <!-- checkLinks_S01_REQ04_T1 -->
  <testcase classname="net.phptravels.scripts.TestCases" name="changeBookingStatus_S3_REQ04_T1" time="0.0">
    <ignored/>
  </testcase> <!-- changeBookingStatus_S3_REQ04_T1 -->
  <testcase classname="net.phptravels.scripts.TestCases" name="verifyAdminAccess_S3_REQ01_T4" time="0.0">
    <ignored/>
  </testcase> <!-- verifyAdminAccess_S3_REQ01_T4 -->
  <testcase classname="net.phptravels.scripts.TestCases" name="verifyAdminAccess_S3_REQ01_T2" time="0.0">
    <ignored/>
  </testcase> <!-- verifyAdminAccess_S3_REQ01_T2 -->
  <testcase classname="net.phptravels.scripts.TestCases" name="verifyUserAccess_S01_REQ01_T3" time="0.0">
    <ignored/>
  </testcase> <!-- verifyUserAccess_S01_REQ01_T3 -->
  <testcase classname="net.phptravels.scripts.TestCases" name="checkLinks_S02_REQ03_T3" time="0.0">
    <ignored/>
  </testcase> <!-- checkLinks_S02_REQ03_T3 -->
  <testcase classname="net.phptravels.scripts.TestCases" name="checkLinks_S01_REQ02_T4" time="0.0">
    <ignored/>
  </testcase> <!-- checkLinks_S01_REQ02_T4 -->
  <testcase classname="net.phptravels.scripts.TestCases" name="verifyUserAccess_S01_REQ01_T5" time="0.0">
    <ignored/>
  </testcase> <!-- verifyUserAccess_S01_REQ01_T5 -->
  <testcase classname="net.phptravels.scripts.TestCases" name="checkLinks_S02_REQ03_T5" time="0.0">
    <ignored/>
  </testcase> <!-- checkLinks_S02_REQ03_T5 -->
  <testcase classname="net.phptravels.scripts.TestCases" name="checkLinks_S01_REQ02_T2" time="0.0">
    <ignored/>
  </testcase> <!-- checkLinks_S01_REQ02_T2 -->
  <testcase classname="net.phptravels.scripts.TestCases" name="checkLinks_S01_REQ05_T1" time="0.0">
    <ignored/>
  </testcase> <!-- checkLinks_S01_REQ05_T1 -->
  <testcase classname="net.phptravels.scripts.TestCases" name="checkLinks_S02_REQ03_T7" time="0.0">
    <ignored/>
  </testcase> <!-- checkLinks_S02_REQ03_T7 -->
  <testcase classname="net.phptravels.scripts.TestCases" name="displayInvoice_S3_REQ02_T1" time="0.0">
    <ignored/>
  </testcase> <!-- displayInvoice_S3_REQ02_T1 -->
  <testcase classname="net.phptravels.scripts.TestCases" name="verifyUserAccess_S02_REQ01_T3" time="0.0">
    <ignored/>
  </testcase> <!-- verifyUserAccess_S02_REQ01_T3 -->
  <testcase classname="net.phptravels.scripts.TestCases" name="verifySupplierAccess_S4_REQ01_T5" time="0.0">
    <ignored/>
  </testcase> <!-- verifySupplierAccess_S4_REQ01_T5 -->
  <testcase classname="net.phptravels.scripts.TestCases" name="verifyUserAccess_S02_REQ01_T5" time="0.0">
    <ignored/>
  </testcase> <!-- verifyUserAccess_S02_REQ01_T5 -->
  <testcase classname="net.phptravels.scripts.TestCases" name="verifySupplierAccess_S4_REQ01_T3" time="0.0">
    <ignored/>
  </testcase> <!-- verifySupplierAccess_S4_REQ01_T3 -->
  <testcase classname="net.phptravels.scripts.TestCases" name="verifyLink_S3_REQ05_T1" time="0.0">
    <ignored/>
  </testcase> <!-- verifyLink_S3_REQ05_T1 -->
  <testcase classname="net.phptravels.scripts.TestCases" name="verifySupplierAccess_S4_REQ01_T1" time="0.0">
    <ignored/>
  </testcase> <!-- verifySupplierAccess_S4_REQ01_T1 -->
  <testcase classname="net.phptravels.scripts.TestCases" name="verifyUserAccess_S02_REQ01_T2" time="0.0">
    <ignored/>
  </testcase> <!-- verifyUserAccess_S02_REQ01_T2 -->
  <testcase classname="net.phptravels.scripts.TestCases" name="checkLinks_S02_REQ03_T1" time="0.0">
    <ignored/>
  </testcase> <!-- checkLinks_S02_REQ03_T1 -->
  <testcase classname="net.phptravels.scripts.TestCases" name="checkLinks_S02_REQ02_T2" time="0.0">
    <ignored/>
  </testcase> <!-- checkLinks_S02_REQ02_T2 -->
  <testcase classname="net.phptravels.scripts.TestCases" name="checkLinks_S02_REQ02_T4" time="0.0">
    <ignored/>
  </testcase> <!-- checkLinks_S02_REQ02_T4 -->
  <testcase classname="net.phptravels.scripts.TestCases" name="checkHotelSearch_S02_REQ04_T1" time="0.0">
    <ignored/>
  </testcase> <!-- checkHotelSearch_S02_REQ04_T1 -->
  <testcase classname="net.phptravels.scripts.TestCases" name="verifyAdminAccess_S3_REQ01_T1" time="0.0">
    <ignored/>
  </testcase> <!-- verifyAdminAccess_S3_REQ01_T1 -->
  <testcase classname="net.phptravels.scripts.TestCases" name="verifyAdminAccess_S3_REQ01_T5" time="0.0">
    <ignored/>
  </testcase> <!-- verifyAdminAccess_S3_REQ01_T5 -->
  <testcase classname="net.phptravels.scripts.TestCases" name="verifyAdminAccess_S3_REQ01_T3" time="0.0">
    <ignored/>
  </testcase> <!-- verifyAdminAccess_S3_REQ01_T3 -->
  <testcase classname="net.phptravels.scripts.TestCases" name="checkLinks_S02_REQ03_T2" time="0.0">
    <ignored/>
  </testcase> <!-- checkLinks_S02_REQ03_T2 -->
  <testcase classname="net.phptravels.scripts.TestCases" name="verifyForgetPass_S3_REQ01_T6" time="0.0">
    <ignored/>
  </testcase> <!-- verifyForgetPass_S3_REQ01_T6 -->
  <testcase classname="net.phptravels.scripts.TestCases" name="verifyUserAccess_S01_REQ01_T2" time="0.0">
    <ignored/>
  </testcase> <!-- verifyUserAccess_S01_REQ01_T2 -->
  <testcase classname="net.phptravels.scripts.TestCases" name="checkLinks_S02_REQ03_T4" time="0.0">
    <ignored/>
  </testcase> <!-- checkLinks_S02_REQ03_T4 -->
  <testcase classname="net.phptravels.scripts.TestCases" name="checkRevenueBreakdown_S4_REQ03_T1" time="0.0">
    <ignored/>
  </testcase> <!-- checkRevenueBreakdown_S4_REQ03_T1 -->
  <testcase classname="net.phptravels.scripts.TestCases" name="deleteCancelledBooking_S3_REQ03_T1" time="0.0">
    <ignored/>
  </testcase> <!-- deleteCancelledBooking_S3_REQ03_T1 -->
  <testcase classname="net.phptravels.scripts.TestCases" name="checkLinks_S02_REQ03_T6" time="0.0">
    <ignored/>
  </testcase> <!-- checkLinks_S02_REQ03_T6 -->
  <testcase classname="net.phptravels.scripts.TestCases" name="changeCurrency_S02_REQ05_T1" time="0.0">
    <ignored/>
  </testcase> <!-- changeCurrency_S02_REQ05_T1 -->
  <testcase classname="net.phptravels.scripts.TestCases" name="checkLinks_S01_REQ02_T3" time="0.0">
    <ignored/>
  </testcase> <!-- checkLinks_S01_REQ02_T3 -->
  <testcase classname="net.phptravels.scripts.TestCases" name="verifyUserAccess_S01_REQ01_T1" time="0.0">
    <ignored/>
  </testcase> <!-- verifyUserAccess_S01_REQ01_T1 -->
  <testcase classname="net.phptravels.scripts.TestCases" name="checkLinks_S01_REQ02_T1" time="0.0">
    <ignored/>
  </testcase> <!-- checkLinks_S01_REQ02_T1 -->
  <testcase classname="net.phptravels.scripts.TestCases" name="verifySupplierAccess_S4_REQ01_T4" time="0.0">
    <ignored/>
  </testcase> <!-- verifySupplierAccess_S4_REQ01_T4 -->
  <testcase classname="net.phptravels.scripts.TestCases" name="verifySupplierAccess_S4_REQ01_T2" time="0.0">
    <ignored/>
  </testcase> <!-- verifySupplierAccess_S4_REQ01_T2 -->
  <testcase classname="net.phptravels.scripts.TestCases" name="verifyUserAccess_S02_REQ01_T1" time="0.0">
    <ignored/>
  </testcase> <!-- verifyUserAccess_S02_REQ01_T1 -->
</testsuite> <!-- Default test -->
